<?xml version="1.0" encoding="UTF-8"?>
<!-- Generated by org.testng.reporters.JUnitXMLReporter -->
<testsuite ignored="3" hostname="DESKTOP-LAUHH40" failures="0" tests="3" name="ChinmoyTest1" time="0.031" errors="0" timestamp="2022-03-20T12:28:04 AEDT">
  <testcase classname="TestNGMyTest1" name="Test11" time="0.003"/>
  <testcase classname="TestNGMyTest1" name="Test12" time="0.001"/>
  <testcase classname="TestNGMyTest1" name="Test13" time="0.001"/>
  <testcase classname="MyTest2" name="Test22" time="0.0">
    <ignored/>
  </testcase> <!-- Test22 -->
  <testcase classname="MyTest2" name="Test21" time="0.0">
    <ignored/>
  </testcase> <!-- Test21 -->
  <testcase classname="MyTest2" name="Test23" time="0.0">
    <ignored/>
  </testcase> <!-- Test23 -->
</testsuite> <!-- ChinmoyTest1 -->
