<?xml version="1.0" encoding="UTF-8"?>
<!-- Generated by org.testng.reporters.JUnitXMLReporter -->
<testsuite ignored="3" hostname="DESKTOP-LAUHH40" failures="0" tests="3" name="ChinmoyTest2" time="0.009" errors="0" timestamp="2022-03-20T12:28:04 AEDT">
  <testcase classname="MyTest3" name="Login33" time="0.001"/>
  <testcase classname="MyTest4" name="Login41" time="0.001"/>
  <testcase classname="MyTest4" name="Login43" time="0.001"/>
  <testcase classname="MyTest3" name="Login32" time="0.0">
    <ignored/>
  </testcase> <!-- Login32 -->
  <testcase classname="MyTest3" name="Login31" time="0.0">
    <ignored/>
  </testcase> <!-- Login31 -->
  <testcase classname="MyTest4" name="Login42" time="0.0">
    <ignored/>
  </testcase> <!-- Login42 -->
</testsuite> <!-- ChinmoyTest2 -->
